--------------------------------------------------------------------------------
Release 13.1 Trace  (nt64)
Copyright (c) 1995-2011 Xilinx, Inc.  All rights reserved.

C:\Xilinx\13.1\ISE_DS\ISE\bin\nt64\unwrapped\trce.exe -intstyle ise -v 3 -s 4
-n 3 -fastpaths -xml headi.twx headi.ncd -o headi.twr headi.pcf -ucf headi.ucf

Design file:              headi.ncd
Physical constraint file: headi.pcf
Device,package,speed:     xc3s500e,fg320,-4 (PRODUCTION 1.27 2011-02-03)
Report level:             verbose report

Environment Variable      Effect 
--------------------      ------ 
NONE                      No environment variables were set
--------------------------------------------------------------------------------

INFO:Timing:2698 - No timing constraints found, doing default enumeration.
INFO:Timing:2752 - To get complete path coverage, use the unconstrained paths 
   option. All paths that are not constrained will be reported in the 
   unconstrained paths section(s) of the report.
INFO:Timing:3339 - The clock-to-out numbers in this timing report are based on 
   a 50 Ohm transmission line loading model.  For the details of this model, 
   and for more information on accounting for different loading conditions, 
   please see the device datasheet.
INFO:Timing:3390 - This architecture does not support a default System Jitter 
   value, please add SYSTEM_JITTER constraint to the UCF to modify the Clock 
   Uncertainty calculation.
INFO:Timing:3389 - This architecture does not support 'Discrete Jitter' and 
   'Phase Error' calculations, these terms will be zero in the Clock 
   Uncertainty calculation.  Please make appropriate modification to 
   SYSTEM_JITTER to account for the unsupported Discrete Jitter and Phase 
   Error.



Data Sheet report:
-----------------
All values displayed in nanoseconds (ns)

Setup/Hold to clock clk
------------+------------+------------+------------------+--------+
            |Max Setup to|Max Hold to |                  | Clock  |
Source      | clk (edge) | clk (edge) |Internal Clock(s) | Phase  |
------------+------------+------------+------------------+--------+
RS_e        |    5.721(R)|   -1.317(R)|clk_BUFGP         |   0.000|
------------+------------+------------+------------------+--------+

Clock clk to Pad
------------+------------+------------------+--------+
            | clk (edge) |                  | Clock  |
Destination |   to PAD   |Internal Clock(s) | Phase  |
------------+------------+------------------+--------+
RS_o        |    9.302(R)|clk_BUFGP         |   0.000|
SPI_CS      |   11.761(R)|clk_BUFGP         |   0.000|
SPI_MOSI    |    9.091(R)|clk_BUFGP         |   0.000|
SPI_SCK     |    9.146(R)|clk_BUFGP         |   0.000|
bajerak<0>  |    8.540(R)|clk_BUFGP         |   0.000|
bajerak<1>  |    8.205(R)|clk_BUFGP         |   0.000|
bajerak<2>  |    8.239(R)|clk_BUFGP         |   0.000|
bajerak<3>  |    8.332(R)|clk_BUFGP         |   0.000|
d_pulse     |    8.639(R)|clk_BUFGP         |   0.000|
error       |    9.325(R)|clk_BUFGP         |   0.000|
read_h      |    9.687(R)|clk_BUFGP         |   0.000|
------------+------------+------------------+--------+

Clock to Setup on destination clock clk
---------------+---------+---------+---------+---------+
               | Src:Rise| Src:Fall| Src:Rise| Src:Fall|
Source Clock   |Dest:Rise|Dest:Rise|Dest:Fall|Dest:Fall|
---------------+---------+---------+---------+---------+
clk            |    9.670|         |         |         |
---------------+---------+---------+---------+---------+

Pad to Pad
---------------+---------------+---------+
Source Pad     |Destination Pad|  Delay  |
---------------+---------------+---------+
RS_e           |RS_s           |    8.657|
reset          |SPI_CLR        |    7.163|
reset          |d_CLR          |   13.367|
reset          |d_reset        |   13.367|
---------------+---------------+---------+


Analysis completed Sun Feb 10 00:45:35 2013 
--------------------------------------------------------------------------------

Trace Settings:
-------------------------
Trace Settings 

Peak Memory Usage: 163 MB



